2018-05-10T14:08:58.572854+00:00 app[web.1]: I, [2018-05-10T14:08:58.572761 #4]  INFO -- : [4c049812-8855-4967-97eb-939c9e0742f9]   Rendered news/index.html.erb within layouts/application (5.6ms)
2018-05-10T14:08:58.573121+00:00 app[web.1]: I, [2018-05-10T14:08:58.573020 #4]  INFO -- : [4c049812-8855-4967-97eb-939c9e0742f9] Completed 500 Internal Server Error in 7ms (ActiveRecord: 2.3ms)
2018-05-10T14:08:58.574467+00:00 app[web.1]: F, [2018-05-10T14:08:58.574381 #4] FATAL -- : [4c049812-8855-4967-97eb-939c9e0742f9]   
2018-05-10T14:08:58.574561+00:00 app[web.1]: F, [2018-05-10T14:08:58.574474 #4] FATAL -- : [4c049812-8855-4967-97eb-939c9e0742f9] ActionView::Template::Error (PG::UndefinedTable: ERROR:  relation "news" does not exist
2018-05-10T14:08:58.574563+00:00 app[web.1]: LINE 1: SELECT "news".* FROM "news"
2018-05-10T14:08:58.574564+00:00 app[web.1]:                              ^
2018-05-10T14:08:58.574566+00:00 app[web.1]: : SELECT "news".* FROM "news"):
2018-05-10T14:08:58.574794+00:00 app[web.1]: F, [2018-05-10T14:08:58.574720 #4] FATAL -- : [4c049812-8855-4967-97eb-939c9e0742f9]     14:   </thead>
2018-05-10T14:08:58.574795+00:00 app[web.1]: [4c049812-8855-4967-97eb-939c9e0742f9]     15: 
2018-05-10T14:08:58.574797+00:00 app[web.1]: [4c049812-8855-4967-97eb-939c9e0742f9]     16:   <tbody>
2018-05-10T14:08:58.574799+00:00 app[web.1]: [4c049812-8855-4967-97eb-939c9e0742f9]     17:     <% @news.each do |news| %>
2018-05-10T14:08:58.574800+00:00 app[web.1]: [4c049812-8855-4967-97eb-939c9e0742f9]     18:       <tr>
2018-05-10T14:08:58.574801+00:00 app[web.1]: [4c049812-8855-4967-97eb-939c9e0742f9]     19:         <td><%= news.by %></td>
2018-05-10T14:08:58.574803+00:00 app[web.1]: [4c049812-8855-4967-97eb-939c9e0742f9]     20:         <td><%= news.text %></td>
2018-05-10T14:08:58.575077+00:00 app[web.1]: F, [2018-05-10T14:08:58.574856 #4] FATAL -- : [4c049812-8855-4967-97eb-939c9e0742f9]   
2018-05-10T14:08:58.575163+00:00 app[web.1]: F, [2018-05-10T14:08:58.575079 #4] FATAL -- : [4c049812-8855-4967-97eb-939c9e0742f9] app/views/news/index.html.erb:17:in `_app_views_news_index_html_erb__3021579468865642740_46847700'
2018-05-10T14:39:31.032500+00:00 heroku[web.1]: Idling
2018-05-10T14:39:31.033262+00:00 heroku[web.1]: State changed from up to down
2018-05-10T14:39:31.884332+00:00 app[web.1]: - Gracefully stopping, waiting for requests to finish
2018-05-10T14:39:31.885740+00:00 app[web.1]: === puma shutdown: 2018-05-10 14:39:31 +0000 ===
2018-05-10T14:39:31.885748+00:00 app[web.1]: - Goodbye!
2018-05-10T14:39:31.885861+00:00 app[web.1]: Exiting
2018-05-10T14:39:31.861031+00:00 heroku[web.1]: Stopping all processes with SIGTERM
2018-05-10T14:39:31.982601+00:00 heroku[web.1]: Process exited with status 143
2018-05-11T02:13:19.193191+00:00 heroku[web.1]: Unidling
2018-05-11T02:13:19.193546+00:00 heroku[web.1]: State changed from down to starting
2018-05-11T02:13:23.618087+00:00 heroku[web.1]: Starting process with command `bin/rails server -p 7760 -e production`
2018-05-11T02:13:28.962441+00:00 app[web.1]: => Booting Puma
2018-05-11T02:13:28.962457+00:00 app[web.1]: => Rails 5.2.0 application starting in production 
2018-05-11T02:13:28.962459+00:00 app[web.1]: => Run `rails server -h` for more startup options
2018-05-11T02:13:28.962461+00:00 app[web.1]: Puma starting in single mode...
2018-05-11T02:13:28.962469+00:00 app[web.1]: * Version 3.11.4 (ruby 2.4.3-p205), codename: Love Song
2018-05-11T02:13:28.962471+00:00 app[web.1]: * Min threads: 5, max threads: 5
2018-05-11T02:13:28.962473+00:00 app[web.1]: * Environment: production
2018-05-11T02:13:28.962605+00:00 app[web.1]: * Listening on tcp://0.0.0.0:7760
2018-05-11T02:13:28.963132+00:00 app[web.1]: Use Ctrl-C to stop
2018-05-11T02:13:29.532248+00:00 heroku[web.1]: State changed from starting to up
2018-05-11T02:13:31.283619+00:00 app[web.1]: I, [2018-05-11T02:13:31.283504 #4]  INFO -- : [6088e45c-e570-42cc-ba6a-68e80026d505] Started GET "/" for 131.170.239.19 at 2018-05-11 02:13:31 +0000
2018-05-11T02:13:31.288098+00:00 app[web.1]: I, [2018-05-11T02:13:31.287994 #4]  INFO -- : [6088e45c-e570-42cc-ba6a-68e80026d505] Processing by NewsController#index as HTML
2018-05-11T02:13:31.308067+00:00 app[web.1]: I, [2018-05-11T02:13:31.307929 #4]  INFO -- : [6088e45c-e570-42cc-ba6a-68e80026d505]   Rendering news/index.html.erb within layouts/application
2018-05-11T02:13:31.429573+00:00 app[web.1]: D, [2018-05-11T02:13:31.429414 #4] DEBUG -- : [6088e45c-e570-42cc-ba6a-68e80026d505]   [1m[36mNews Load (2.2ms)[0m  [1m[34mSELECT "news".* FROM "news"[0m
2018-05-11T02:13:31.430449+00:00 app[web.1]: I, [2018-05-11T02:13:31.430322 #4]  INFO -- : [6088e45c-e570-42cc-ba6a-68e80026d505]   Rendered news/index.html.erb within layouts/application (122.2ms)
2018-05-11T02:13:31.430755+00:00 app[web.1]: I, [2018-05-11T02:13:31.430667 #4]  INFO -- : [6088e45c-e570-42cc-ba6a-68e80026d505] Completed 500 Internal Server Error in 142ms (ActiveRecord: 82.8ms)
2018-05-11T02:13:31.432184+00:00 app[web.1]: F, [2018-05-11T02:13:31.432079 #4] FATAL -- : [6088e45c-e570-42cc-ba6a-68e80026d505]   
2018-05-11T02:13:31.432262+00:00 app[web.1]: F, [2018-05-11T02:13:31.432178 #4] FATAL -- : [6088e45c-e570-42cc-ba6a-68e80026d505] ActionView::Template::Error (PG::UndefinedTable: ERROR:  relation "news" does not exist
2018-05-11T02:13:31.432265+00:00 app[web.1]: LINE 1: SELECT "news".* FROM "news"
2018-05-11T02:13:31.432267+00:00 app[web.1]:                              ^
2018-05-11T02:13:31.432268+00:00 app[web.1]: : SELECT "news".* FROM "news"):
2018-05-11T02:13:31.432696+00:00 app[web.1]: F, [2018-05-11T02:13:31.432435 #4] FATAL -- : [6088e45c-e570-42cc-ba6a-68e80026d505]     14:   </thead>
2018-05-11T02:13:31.432699+00:00 app[web.1]: [6088e45c-e570-42cc-ba6a-68e80026d505]     15: 
2018-05-11T02:13:31.432721+00:00 app[web.1]: [6088e45c-e570-42cc-ba6a-68e80026d505]     16:   <tbody>
2018-05-11T02:13:31.432723+00:00 app[web.1]: [6088e45c-e570-42cc-ba6a-68e80026d505]     17:     <% @news.each do |news| %>
2018-05-11T02:13:31.432725+00:00 app[web.1]: [6088e45c-e570-42cc-ba6a-68e80026d505]     18:       <tr>
2018-05-11T02:13:31.432726+00:00 app[web.1]: [6088e45c-e570-42cc-ba6a-68e80026d505]     19:         <td><%= news.by %></td>
2018-05-11T02:13:31.432728+00:00 app[web.1]: [6088e45c-e570-42cc-ba6a-68e80026d505]     20:         <td><%= news.text %></td>
2018-05-11T02:13:31.432859+00:00 app[web.1]: F, [2018-05-11T02:13:31.432773 #4] FATAL -- : [6088e45c-e570-42cc-ba6a-68e80026d505]   
2018-05-11T02:13:31.432949+00:00 app[web.1]: F, [2018-05-11T02:13:31.432873 #4] FATAL -- : [6088e45c-e570-42cc-ba6a-68e80026d505] app/views/news/index.html.erb:17:in `_app_views_news_index_html_erb___2601057848903982021_43298640'
2018-05-11T02:13:31.435697+00:00 heroku[router]: at=info method=GET path="/" host=nameless-harbor-87412.herokuapp.com request_id=6088e45c-e570-42cc-ba6a-68e80026d505 fwd="131.170.239.19" dyno=web.1 connect=0ms service=155ms status=500 bytes=1827 protocol=https
2018-05-11T02:48:52.693965+00:00 heroku[web.1]: Idling
2018-05-11T02:48:52.694750+00:00 heroku[web.1]: State changed from up to down
2018-05-11T02:48:53.614988+00:00 heroku[web.1]: Stopping all processes with SIGTERM
2018-05-11T02:48:53.649143+00:00 app[web.1]: - Gracefully stopping, waiting for requests to finish
2018-05-11T02:48:53.673379+00:00 app[web.1]: === puma shutdown: 2018-05-11 02:48:53 +0000 ===
2018-05-11T02:48:53.673386+00:00 app[web.1]: - Goodbye!
2018-05-11T02:48:53.673392+00:00 app[web.1]: Exiting
2018-05-11T02:48:53.928109+00:00 heroku[web.1]: Process exited with status 143
2018-05-16T01:24:10.929874+00:00 heroku[web.1]: Unidling
2018-05-16T01:24:10.930242+00:00 heroku[web.1]: State changed from down to starting
2018-05-16T01:24:16.932393+00:00 heroku[web.1]: Starting process with command `bin/rails server -p 44580 -e production`
2018-05-16T01:24:22.774908+00:00 heroku[web.1]: State changed from starting to up
2018-05-16T01:24:22.632145+00:00 app[web.1]: => Booting Puma
2018-05-16T01:24:22.632164+00:00 app[web.1]: => Rails 5.2.0 application starting in production 
2018-05-16T01:24:22.632166+00:00 app[web.1]: => Run `rails server -h` for more startup options
2018-05-16T01:24:22.632167+00:00 app[web.1]: Puma starting in single mode...
2018-05-16T01:24:22.632176+00:00 app[web.1]: * Version 3.11.4 (ruby 2.4.3-p205), codename: Love Song
2018-05-16T01:24:22.632178+00:00 app[web.1]: * Min threads: 5, max threads: 5
2018-05-16T01:24:22.632179+00:00 app[web.1]: * Environment: production
2018-05-16T01:24:22.632278+00:00 app[web.1]: * Listening on tcp://0.0.0.0:44580
2018-05-16T01:24:22.632659+00:00 app[web.1]: Use Ctrl-C to stop
2018-05-16T01:24:25.012063+00:00 app[web.1]: I, [2018-05-16T01:24:25.011933 #4]  INFO -- : [31d02593-694e-49a3-b598-461ac7861afd] Started GET "/" for 82.221.139.119 at 2018-05-16 01:24:25 +0000
2018-05-16T01:24:25.016961+00:00 app[web.1]: I, [2018-05-16T01:24:25.016868 #4]  INFO -- : [31d02593-694e-49a3-b598-461ac7861afd] Processing by NewsController#index as HTML
2018-05-16T01:24:25.031379+00:00 app[web.1]: I, [2018-05-16T01:24:25.031277 #4]  INFO -- : [31d02593-694e-49a3-b598-461ac7861afd]   Rendering news/index.html.erb within layouts/application
2018-05-16T01:24:25.136974+00:00 app[web.1]: D, [2018-05-16T01:24:25.136810 #4] DEBUG -- : [31d02593-694e-49a3-b598-461ac7861afd]   [1m[36mNews Load (1.7ms)[0m  [1m[34mSELECT "news".* FROM "news"[0m
2018-05-16T01:24:25.137579+00:00 app[web.1]: I, [2018-05-16T01:24:25.137514 #4]  INFO -- : [31d02593-694e-49a3-b598-461ac7861afd]   Rendered news/index.html.erb within layouts/application (106.1ms)
2018-05-16T01:24:25.137930+00:00 app[web.1]: I, [2018-05-16T01:24:25.137839 #4]  INFO -- : [31d02593-694e-49a3-b598-461ac7861afd] Completed 500 Internal Server Error in 121ms (ActiveRecord: 66.7ms)
2018-05-16T01:24:25.139348+00:00 app[web.1]: F, [2018-05-16T01:24:25.139264 #4] FATAL -- : [31d02593-694e-49a3-b598-461ac7861afd]   
2018-05-16T01:24:25.139467+00:00 app[web.1]: F, [2018-05-16T01:24:25.139383 #4] FATAL -- : [31d02593-694e-49a3-b598-461ac7861afd] ActionView::Template::Error (PG::UndefinedTable: ERROR:  relation "news" does not exist
2018-05-16T01:24:25.139469+00:00 app[web.1]: LINE 1: SELECT "news".* FROM "news"
2018-05-16T01:24:25.139471+00:00 app[web.1]:                              ^
2018-05-16T01:24:25.139472+00:00 app[web.1]: : SELECT "news".* FROM "news"):
2018-05-16T01:24:25.139769+00:00 app[web.1]: F, [2018-05-16T01:24:25.139678 #4] FATAL -- : [31d02593-694e-49a3-b598-461ac7861afd]     14:   </thead>
2018-05-16T01:24:25.139771+00:00 app[web.1]: [31d02593-694e-49a3-b598-461ac7861afd]     15: 
2018-05-16T01:24:25.139772+00:00 app[web.1]: [31d02593-694e-49a3-b598-461ac7861afd]     16:   <tbody>
2018-05-16T01:24:25.139775+00:00 app[web.1]: [31d02593-694e-49a3-b598-461ac7861afd]     18:       <tr>
2018-05-16T01:24:25.139774+00:00 app[web.1]: [31d02593-694e-49a3-b598-461ac7861afd]     17:     <% @news.each do |news| %>
2018-05-16T01:24:25.139776+00:00 app[web.1]: [31d02593-694e-49a3-b598-461ac7861afd]     19:         <td><%= news.by %></td>
2018-05-16T01:24:25.139778+00:00 app[web.1]: [31d02593-694e-49a3-b598-461ac7861afd]     20:         <td><%= news.text %></td>
2018-05-16T01:24:25.139849+00:00 app[web.1]: F, [2018-05-16T01:24:25.139775 #4] FATAL -- : [31d02593-694e-49a3-b598-461ac7861afd]   
2018-05-16T01:24:25.139940+00:00 app[web.1]: F, [2018-05-16T01:24:25.139868 #4] FATAL -- : [31d02593-694e-49a3-b598-461ac7861afd] app/views/news/index.html.erb:17:in `_app_views_news_index_html_erb___684017165168661744_41028940'
2018-05-16T01:24:25.140026+00:00 heroku[router]: at=info method=GET path="/" host=nameless-harbor-87412.herokuapp.com request_id=31d02593-694e-49a3-b598-461ac7861afd fwd="82.221.139.119" dyno=web.1 connect=0ms service=132ms status=500 bytes=1827 protocol=https
